[
    {
        "elements": [
            {
                "keyword": "Scenario Outline",
                "location": "src/test/features/appMiBanco.feature:85",
                "name": "Regresi\u00f3n  - Transferencia a Otras Cuentas APP - SOLES A SOLES-1",
                "status": "passed",
                "steps": [
                    {
                        "keyword": "Given",
                        "location": "src/test/features/appMiBanco.feature:70",
                        "match": {
                            "arguments": [
                                {
                                    "name": "datos",
                                    "value": "1"
                                }
                            ],
                            "location": "src/test/features/steps/steps_appMiBancoTransfOtrasCuentas.py:14"
                        },
                        "name": "Usuario se encuentra logueado en la APP MiBanco transf \"1\"",
                        "result": {
                            "duration": 26.25150418281555,
                            "status": "passed",
                            "imagen": [
                                "09-10-2024_16-31-37-43.png",
                                "09-10-2024_16-31-42-62.png",
                                "09-10-2024_16-31-42-10.png",
                                "09-10-2024_16-31-43-87.png",
                                "09-10-2024_16-31-59-93.png"
                            ]
                        },
                        "step_type": "given"
                    },
                    {
                        "keyword": "And",
                        "location": "src/test/features/appMiBanco.feature:71",
                        "match": {
                            "arguments": [
                                {
                                    "name": "datos",
                                    "value": "1"
                                }
                            ],
                            "location": "src/test/features/steps/steps_appMiBancoTransfOtrasCuentas.py:49"
                        },
                        "name": "Usuario ingresa a la opcion de Transferencias y da tap en A otras cuentas de Mibanco \"1\"",
                        "result": {
                            "duration": 6.228192090988159,
                            "status": "passed",
                            "imagen": [
                                "09-10-2024_16-32-00-24.png"
                            ]
                        },
                        "step_type": "given"
                    },
                    {
                        "keyword": "When",
                        "location": "src/test/features/appMiBanco.feature:72",
                        "match": {
                            "arguments": [
                                {
                                    "name": "datos",
                                    "value": "1"
                                }
                            ],
                            "location": "src/test/features/steps/steps_appMiBancoTransfOtrasCuentas.py:58"
                        },
                        "name": "Usuario selecciona la cuenta origen transferencias_otras_cuentas \"1\"",
                        "result": {
                            "duration": 9.71108078956604,
                            "status": "passed",
                            "imagen": [
                                "09-10-2024_16-32-06-90.png",
                                "09-10-2024_16-32-15-18.png"
                            ]
                        },
                        "step_type": "when"
                    },
                    {
                        "keyword": "And",
                        "location": "src/test/features/appMiBanco.feature:73",
                        "match": {
                            "arguments": [
                                {
                                    "name": "datos",
                                    "value": "1"
                                }
                            ],
                            "location": "src/test/features/steps/steps_appMiBancoTransfOtrasCuentas.py:68"
                        },
                        "name": "Usuario ingresa la cuenta destino transferencias_otras_cuentas \"1\"",
                        "result": {
                            "duration": 4.479103088378906,
                            "status": "passed",
                            "imagen": [
                                "09-10-2024_16-32-20-90.png"
                            ]
                        },
                        "step_type": "when"
                    },
                    {
                        "keyword": "And",
                        "location": "src/test/features/appMiBanco.feature:74",
                        "match": {
                            "arguments": [
                                {
                                    "name": "datos",
                                    "value": "1"
                                }
                            ],
                            "location": "src/test/features/steps/steps_appMiBancoTransfOtrasCuentas.py:74"
                        },
                        "name": "Usuario selecciona el tipo de moneda transferencias_otras_cuentas \"1\"",
                        "result": {
                            "duration": 2.6647660732269287,
                            "status": "passed",
                            "imagen": [
                                "09-10-2024_16-32-21-84.png"
                            ]
                        },
                        "step_type": "when"
                    },
                    {
                        "keyword": "And",
                        "location": "src/test/features/appMiBanco.feature:75",
                        "match": {
                            "arguments": [
                                {
                                    "name": "datos",
                                    "value": "1"
                                }
                            ],
                            "location": "src/test/features/steps/steps_appMiBancoTransfOtrasCuentas.py:80"
                        },
                        "name": "Usuario ingresa el monto a transferir \"1\"",
                        "result": {
                            "duration": 4.639790058135986,
                            "status": "passed",
                            "imagen": [
                                "09-10-2024_16-32-27-85.png"
                            ]
                        },
                        "step_type": "when"
                    },
                    {
                        "keyword": "And",
                        "location": "src/test/features/appMiBanco.feature:76",
                        "match": {
                            "arguments": [
                                {
                                    "name": "datos",
                                    "value": "1"
                                }
                            ],
                            "location": "src/test/features/steps/steps_appMiBancoTransfOtrasCuentas.py:86"
                        },
                        "name": "Usuario da tap en el boton Siguiente transferencias_otras_cuentas \"1\"",
                        "result": {
                            "duration": 1.0517857074737549,
                            "status": "passed",
                            "imagen": [
                                "09-10-2024_16-32-28-60.png"
                            ]
                        },
                        "step_type": "when"
                    },
                    {
                        "keyword": "And",
                        "location": "src/test/features/appMiBanco.feature:77",
                        "match": {
                            "arguments": [
                                {
                                    "name": "datos",
                                    "value": "1"
                                }
                            ],
                            "location": "src/test/features/steps/steps_appMiBancoTransfOtrasCuentas.py:92"
                        },
                        "name": "Usuario verifica informacion de la transferencia \"1\"",
                        "result": {
                            "duration": 16.060023307800293,
                            "status": "passed",
                            "imagen": [
                                "09-10-2024_16-32-37-18.png",
                                "09-10-2024_16-32-40-67.png"
                            ]
                        },
                        "step_type": "when"
                    },
                    {
                        "keyword": "And",
                        "location": "src/test/features/appMiBanco.feature:78",
                        "match": {
                            "arguments": [
                                {
                                    "name": "datos",
                                    "value": "1"
                                }
                            ],
                            "location": "src/test/features/steps/steps_appMiBancoOlvideClave.py:50"
                        },
                        "name": "Usuario extrae el otp del correo \"1\"",
                        "result": {
                            "duration": 16.60161018371582,
                            "status": "passed",
                            "imagen": [
                                "09-10-2024_16-33-01-46.png"
                            ]
                        },
                        "step_type": "when"
                    },
                    {
                        "keyword": "And",
                        "location": "src/test/features/appMiBanco.feature:79",
                        "match": {
                            "arguments": [
                                {
                                    "name": "datos",
                                    "value": "1"
                                }
                            ],
                            "location": "src/test/features/steps/steps_appMiBancoTransfOtrasCuentas.py:101"
                        },
                        "name": "Usuario ingresa el codigo otp y da click en el boton Validar transferencias_otras_cuentas \"1\"",
                        "result": {
                            "duration": 9.410687923431396,
                            "status": "passed",
                            "imagen": [
                                "09-10-2024_16-33-07-30.png",
                                "09-10-2024_16-33-10-87.png"
                            ]
                        },
                        "step_type": "when"
                    },
                    {
                        "keyword": "Then",
                        "location": "src/test/features/appMiBanco.feature:80",
                        "match": {
                            "arguments": [
                                {
                                    "name": "datos",
                                    "value": "1"
                                }
                            ],
                            "location": "src/test/features/steps/steps_appMiBancoTransfOtrasCuentas.py:110"
                        },
                        "name": "Usuario valida la constancia de transferencia exitosa transferencias_otras_cuentas \"1\"",
                        "result": {
                            "duration": 17.89020323753357,
                            "status": "passed",
                            "imagen": [
                                "09-10-2024_16-33-17-59.png",
                                "09-10-2024_16-33-20-11.png",
                                "09-10-2024_16-33-24-88.png"
                            ]
                        },
                        "step_type": "then"
                    },
                    {
                        "keyword": "And",
                        "location": "src/test/features/appMiBanco.feature:81",
                        "match": {
                            "arguments": [
                                {
                                    "name": "datos",
                                    "value": "1"
                                }
                            ],
                            "location": "src/test/features/steps/steps_appMiBancoTransfOtrasCuentas.py:129"
                        },
                        "name": "Usuario valida constancia de transferencia a otras cuentas en el correo \"1\"",
                        "result": {
                            "duration": 5.042942762374878,
                            "status": "passed",
                            "imagen": [
                                "09-10-2024_16-33-31-41.png"
                            ]
                        },
                        "step_type": "then"
                    }
                ],
                "tags": [
                    "NCD_TransferenciaOtrasCuentas",
                    "HP"
                ],
                "type": "scenario"
            }
        ],
        "keyword": "Feature",
        "location": "src/test/features/appMiBanco.feature:1",
        "name": "Flujos Automatizados APP Mi Banco",
        "status": "passed",
        "tags": []
    }
]